\BOOKMARK [1][-]{section.1}{The Microeconomic Consumer's Problem}{}% 1
\BOOKMARK [2][-]{subsection.1.1}{The Unemployed Consumer's Problem}{section.1}% 2
\BOOKMARK [2][-]{subsection.1.2}{The Employed Consumer's Problem}{section.1}% 3
\BOOKMARK [3][-]{subsubsection.1.2.1}{Unemployment Risk as a Mean Preserving Spread in Human Wealth}{subsection.1.2}% 4
\BOOKMARK [3][-]{subsubsection.1.2.2}{First Order Optimality Condition}{subsection.1.2}% 5
\BOOKMARK [3][-]{subsubsection.1.2.3}{Analysis and Intuition of Consumption Growth}{subsection.1.2}% 6
\BOOKMARK [3][-]{subsubsection.1.2.4}{Finding the Target}{subsection.1.2}% 7
\BOOKMARK [3][-]{subsubsection.1.2.5}{Why Increased Unemployment Risk Increases Effective Growth Impatience}{subsection.1.2}% 8
\BOOKMARK [3][-]{subsubsection.1.2.6}{The Target Level of me}{subsection.1.2}% 9
\BOOKMARK [3][-]{subsubsection.1.2.7}{Conditions Required for a Perfect Foresight Solution; Existence of Target Value of me}{subsection.1.2}% 10
\BOOKMARK [3][-]{subsubsection.1.2.8}{The Phase Diagram}{subsection.1.2}% 11
\BOOKMARK [3][-]{subsubsection.1.2.9}{The Consumption Function}{subsection.1.2}% 12
\BOOKMARK [3][-]{subsubsection.1.2.10}{Expected Consumption Growth Is Downward Sloping in me}{subsection.1.2}% 13
\BOOKMARK [3][-]{subsubsection.1.2.11}{Summing Up the Intuition}{subsection.1.2}% 14
\BOOKMARK [3][-]{subsubsection.1.2.12}{Death to the Log-Linearized Consumption Euler Equation!}{subsection.1.2}% 15
\BOOKMARK [3][-]{subsubsection.1.2.13}{A Final Experiment}{subsection.1.2}% 16
\BOOKMARK [1][-]{section.2}{A Macroeconomic Interpretation}{}% 17
\BOOKMARK [2][-]{subsection.2.1}{Stakes}{section.2}% 18
\BOOKMARK [3][-]{subsubsection.2.1.1}{A `Stake' That Yields a Representative Agent}{subsection.2.1}% 19
\BOOKMARK [3][-]{subsubsection.2.1.2}{No Stake}{subsection.2.1}% 20
\BOOKMARK [1][-]{appendix.A}{Approximate Formula for Consumption Growth}{}% 21
\BOOKMARK [1][-]{appendix.B}{Conditions for a Target to Exist}{}% 22
\BOOKMARK [2][-]{subsection.B.1}{Using the Phase Diagram Loci}{appendix.B}% 23
\BOOKMARK [2][-]{subsection.B.2}{A Target Always Exists When Human Wealth Is Infinite}{appendix.B}% 24
\BOOKMARK [2][-]{subsection.B.3}{Conditions Under Which a Target Exists When Human Wealth is Finite}{appendix.B}% 25
\BOOKMARK [2][-]{subsection.B.4}{Solutions Exist Even When Growth Impatience Fails}{appendix.B}% 26
\BOOKMARK [1][-]{appendix.C}{The Exact Formula for }{}% 27
\BOOKMARK [1][-]{appendix.D}{Approximating }{}% 28
\BOOKMARK [1][-]{appendix.E}{Numerical Solution}{}% 29
\BOOKMARK [2][-]{subsection.E.1}{The Consumption Function}{appendix.E}% 30
\BOOKMARK [2][-]{subsection.E.2}{The Value Function}{appendix.E}% 31
\BOOKMARK [1][-]{appendix.F}{The Algorithm}{}% 32
\BOOKMARK [1][-]{appendix.G}{Modified Formulas For Case Where R}{}% 33
